# JRE version: OpenJDK Runtime Environment (8.0_152-b01) (build 1.8.0_152-release-915-b01)
# Java VM: OpenJDK 64-Bit Server VM (25.152-b01 mixed mode windows-amd64 compressed oops)
Heap:
 PSYoungGen      total 314368K, used 101079K [0x00000000eab00000, 0x00000000ffc00000, 0x0000000100000000)
  eden space 284672K, 31% used [0x00000000eab00000,0x00000000f036c318,0x00000000fc100000)
  from space 29696K, 35% used [0x00000000fdd00000,0x00000000fe749c70,0x00000000ffa00000)
  to   space 28672K, 0% used [0x00000000fc100000,0x00000000fc100000,0x00000000fdd00000)
 ParOldGen       total 425984K, used 115219K [0x00000000c0000000, 0x00000000da000000, 0x00000000eab00000)
  object space 425984K, 27% used [0x00000000c0000000,0x00000000c7084ce0,0x00000000da000000)
 Metaspace       used 102809K, capacity 109368K, committed 109440K, reserved 1144832K
  class space    used 13164K, capacity 14677K, committed 14720K, reserved 1048576K
GC Heap History (10 events):
Event: 255.946 GC heap before
{Heap before GC invocations=39 (full 12):
 PSYoungGen      total 304128K, used 415K [0x00000000eab00000, 0x00000000ff780000, 0x0000000100000000)
  eden space 269824K, 0% used [0x00000000eab00000,0x00000000eab67cc0,0x00000000fb280000)
  from space 34304K, 0% used [0x00000000fd600000,0x00000000fd600000,0x00000000ff780000)
  to   space 35328K, 0% used [0x00000000fb280000,0x00000000fb280000,0x00000000fd500000)
 ParOldGen       total 425984K, used 109276K [0x00000000c0000000, 0x00000000da000000, 0x00000000eab00000)
  object space 425984K, 25% used [0x00000000c0000000,0x00000000c6ab73b0,0x00000000da000000)
 Metaspace       used 102182K, capacity 108404K, committed 108672K, reserved 1142784K
  class space    used 13107K, capacity 14581K, committed 14720K, reserved 1048576K
Event: 255.949 GC heap after
Heap after GC invocations=39 (full 12):
 PSYoungGen      total 270336K, used 32K [0x00000000eab00000, 0x00000000ff480000, 0x0000000100000000)
  eden space 269824K, 0% used [0x00000000eab00000,0x00000000eab00000,0x00000000fb280000)
  from space 512K, 6% used [0x00000000fb280000,0x00000000fb288000,0x00000000fb300000)
  to   space 33792K, 0% used [0x00000000fd380000,0x00000000fd380000,0x00000000ff480000)
 ParOldGen       total 425984K, used 109276K [0x00000000c0000000, 0x00000000da000000, 0x00000000eab00000)
  object space 425984K, 25% used [0x00000000c0000000,0x00000000c6ab73b0,0x00000000da000000)
 Metaspace       used 102182K, capacity 108404K, committed 108672K, reserved 1142784K
  class space    used 13107K, capacity 14581K, committed 14720K, reserved 1048576K
}
Event: 255.949 GC heap before
{Heap before GC invocations=40 (full 13):
 PSYoungGen      total 270336K, used 32K [0x00000000eab00000, 0x00000000ff480000, 0x0000000100000000)
  eden space 269824K, 0% used [0x00000000eab00000,0x00000000eab00000,0x00000000fb280000)
  from space 512K, 6% used [0x00000000fb280000,0x00000000fb288000,0x00000000fb300000)
  to   space 33792K, 0% used [0x00000000fd380000,0x00000000fd380000,0x00000000ff480000)
 ParOldGen       total 425984K, used 109276K [0x00000000c0000000, 0x00000000da000000, 0x00000000eab00000)
  object space 425984K, 25% used [0x00000000c0000000,0x00000000c6ab73b0,0x00000000da000000)
 Metaspace       used 102182K, capacity 108404K, committed 108672K, reserved 1142784K
  class space    used 13107K, capacity 14581K, committed 14720K, reserved 1048576K
Event: 256.102 GC heap after
Heap after GC invocations=40 (full 13):
 PSYoungGen      total 270336K, used 0K [0x00000000eab00000, 0x00000000ff480000, 0x0000000100000000)
  eden space 269824K, 0% used [0x00000000eab00000,0x00000000eab00000,0x00000000fb280000)
  from space 512K, 0% used [0x00000000fb280000,0x00000000fb280000,0x00000000fb300000)
  to   space 33792K, 0% used [0x00000000fd380000,0x00000000fd380000,0x00000000ff480000)
 ParOldGen       total 425984K, used 109282K [0x00000000c0000000, 0x00000000da000000, 0x00000000eab00000)
  object space 425984K, 25% used [0x00000000c0000000,0x00000000c6ab8ae0,0x00000000da000000)
 Metaspace       used 102182K, capacity 108404K, committed 108672K, reserved 1142784K
  class space    used 13107K, capacity 14581K, committed 14720K, reserved 1048576K
}
Event: 283.030 GC heap before
{Heap before GC invocations=41 (full 13):
 PSYoungGen      total 270336K, used 269824K [0x00000000eab00000, 0x00000000ff480000, 0x0000000100000000)
  eden space 269824K, 100% used [0x00000000eab00000,0x00000000fb280000,0x00000000fb280000)
  from space 512K, 0% used [0x00000000fb280000,0x00000000fb280000,0x00000000fb300000)
  to   space 33792K, 0% used [0x00000000fd380000,0x00000000fd380000,0x00000000ff480000)
 ParOldGen       total 425984K, used 109282K [0x00000000c0000000, 0x00000000da000000, 0x00000000eab00000)
  object space 425984K, 25% used [0x00000000c0000000,0x00000000c6ab8ae0,0x00000000da000000)
 Metaspace       used 102393K, capacity 108698K, committed 108928K, reserved 1142784K
  class space    used 13126K, capacity 14608K, committed 14720K, reserved 1048576K
Event: 283.045 GC heap after
Heap after GC invocations=41 (full 13):
 PSYoungGen      total 305664K, used 5772K [0x00000000eab00000, 0x0000000100000000, 0x0000000100000000)
  eden space 271872K, 0% used [0x00000000eab00000,0x00000000eab00000,0x00000000fb480000)
  from space 33792K, 17% used [0x00000000fd380000,0x00000000fd9233d0,0x00000000ff480000)
  to   space 31744K, 0% used [0x00000000fb480000,0x00000000fb480000,0x00000000fd380000)
 ParOldGen       total 425984K, used 109290K [0x00000000c0000000, 0x00000000da000000, 0x00000000eab00000)
  object space 425984K, 25% used [0x00000000c0000000,0x00000000c6abaae0,0x00000000da000000)
 Metaspace       used 102393K, capacity 108698K, committed 108928K, reserved 1142784K
  class space    used 13126K, capacity 14608K, committed 14720K, reserved 1048576K
}
Event: 298.275 GC heap before
{Heap before GC invocations=42 (full 13):
 PSYoungGen      total 305664K, used 277644K [0x00000000eab00000, 0x0000000100000000, 0x0000000100000000)
  eden space 271872K, 100% used [0x00000000eab00000,0x00000000fb480000,0x00000000fb480000)
  from space 33792K, 17% used [0x00000000fd380000,0x00000000fd9233d0,0x00000000ff480000)
  to   space 31744K, 0% used [0x00000000fb480000,0x00000000fb480000,0x00000000fd380000)
 ParOldGen       total 425984K, used 109290K [0x00000000c0000000, 0x00000000da000000, 0x00000000eab00000)
  object space 425984K, 25% used [0x00000000c0000000,0x00000000c6abaae0,0x00000000da000000)
 Metaspace       used 102586K, capacity 108934K, committed 109184K, reserved 1144832K
  class space    used 13135K, capacity 14626K, committed 14720K, reserved 1048576K
Event: 298.287 GC heap after
Heap after GC invocations=42 (full 13):
 PSYoungGen      total 303616K, used 8890K [0x00000000eab00000, 0x00000000ffa00000, 0x0000000100000000)
  eden space 271872K, 0% used [0x00000000eab00000,0x00000000eab00000,0x00000000fb480000)
  from space 31744K, 28% used [0x00000000fb480000,0x00000000fbd2e9a8,0x00000000fd380000)
  to   space 29696K, 0% used [0x00000000fdd00000,0x00000000fdd00000,0x00000000ffa00000)
 ParOldGen       total 425984K, used 112799K [0x00000000c0000000, 0x00000000da000000, 0x00000000eab00000)
  object space 425984K, 26% used [0x00000000c0000000,0x00000000c6e27c60,0x00000000da000000)
 Metaspace       used 102586K, capacity 108934K, committed 109184K, reserved 1144832K
  class space    used 13135K, capacity 14626K, committed 14720K, reserved 1048576K
}
Event: 306.036 GC heap before
{Heap before GC invocations=43 (full 13):
 PSYoungGen      total 303616K, used 280762K [0x00000000eab00000, 0x00000000ffa00000, 0x0000000100000000)
  eden space 271872K, 100% used [0x00000000eab00000,0x00000000fb480000,0x00000000fb480000)
  from space 31744K, 28% used [0x00000000fb480000,0x00000000fbd2e9a8,0x00000000fd380000)
  to   space 29696K, 0% used [0x00000000fdd00000,0x00000000fdd00000,0x00000000ffa00000)
 ParOldGen       total 425984K, used 112799K [0x00000000c0000000, 0x00000000da000000, 0x00000000eab00000)
  object space 425984K, 26% used [0x00000000c0000000,0x00000000c6e27c60,0x00000000da000000)
 Metaspace       used 102715K, capacity 109212K, committed 109440K, reserved 1144832K
  class space    used 13150K, capacity 14651K, committed 14720K, reserved 1048576K
Event: 306.047 GC heap after
Heap after GC invocations=43 (full 13):
 PSYoungGen      total 314368K, used 10535K [0x00000000eab00000, 0x00000000ffc00000, 0x0000000100000000)
  eden space 284672K, 0% used [0x00000000eab00000,0x00000000eab00000,0x00000000fc100000)
  from space 29696K, 35% used [0x00000000fdd00000,0x00000000fe749c70,0x00000000ffa00000)
  to   space 28672K, 0% used [0x00000000fc100000,0x00000000fc100000,0x00000000fdd00000)
 ParOldGen       total 425984K, used 115219K [0x00000000c0000000, 0x00000000da000000, 0x00000000eab00000)
  object space 425984K, 27% used [0x00000000c0000000,0x00000000c7084ce0,0x00000000da000000)
 Metaspace       used 102715K, capacity 109212K, committed 109440K, reserved 1144832K
  class space    used 13150K, capacity 14651K, committed 14720K, reserved 1048576K
}

