# JRE version: OpenJDK Runtime Environment (8.0_152-b01) (build 1.8.0_152-release-915-b01)
# Java VM: OpenJDK 64-Bit Server VM (25.152-b01 mixed mode windows-amd64 compressed oops)
Heap:
 PSYoungGen      total 227328K, used 197447K [0x00000000eab00000, 0x00000000fa280000, 0x0000000100000000)
  eden space 213504K, 86% used [0x00000000eab00000,0x00000000f5e55ef0,0x00000000f7b80000)
  from space 13824K, 99% used [0x00000000f8b80000,0x00000000f98fc048,0x00000000f9900000)
  to   space 16384K, 0% used [0x00000000f7b80000,0x00000000f7b80000,0x00000000f8b80000)
 ParOldGen       total 157184K, used 19517K [0x00000000c0000000, 0x00000000c9980000, 0x00000000eab00000)
  object space 157184K, 12% used [0x00000000c0000000,0x00000000c130f578,0x00000000c9980000)
 Metaspace       used 53793K, capacity 55920K, committed 56024K, reserved 1097728K
  class space    used 7287K, capacity 7853K, committed 7936K, reserved 1048576K
GC Heap History (10 events):
Event: 3.919 GC heap before
{Heap before GC invocations=4 (full 1):
 PSYoungGen      total 95744K, used 82432K [0x00000000eab00000, 0x00000000f6600000, 0x0000000100000000)
  eden space 82432K, 100% used [0x00000000eab00000,0x00000000efb80000,0x00000000efb80000)
  from space 13312K, 0% used [0x00000000f0880000,0x00000000f0880000,0x00000000f1580000)
  to   space 13312K, 0% used [0x00000000efb80000,0x00000000efb80000,0x00000000f0880000)
 ParOldGen       total 117248K, used 13156K [0x00000000c0000000, 0x00000000c7280000, 0x00000000eab00000)
  object space 117248K, 11% used [0x00000000c0000000,0x00000000c0cd92e8,0x00000000c7280000)
 Metaspace       used 26984K, capacity 27604K, committed 27776K, reserved 1073152K
  class space    used 3714K, capacity 3907K, committed 3968K, reserved 1048576K
Event: 3.927 GC heap after
Heap after GC invocations=4 (full 1):
 PSYoungGen      total 95744K, used 8916K [0x00000000eab00000, 0x00000000f4d00000, 0x0000000100000000)
  eden space 82432K, 0% used [0x00000000eab00000,0x00000000eab00000,0x00000000efb80000)
  from space 13312K, 66% used [0x00000000efb80000,0x00000000f0435330,0x00000000f0880000)
  to   space 13312K, 0% used [0x00000000f4000000,0x00000000f4000000,0x00000000f4d00000)
 ParOldGen       total 117248K, used 13164K [0x00000000c0000000, 0x00000000c7280000, 0x00000000eab00000)
  object space 117248K, 11% used [0x00000000c0000000,0x00000000c0cdb2e8,0x00000000c7280000)
 Metaspace       used 26984K, capacity 27604K, committed 27776K, reserved 1073152K
  class space    used 3714K, capacity 3907K, committed 3968K, reserved 1048576K
}
Event: 8.174 GC heap before
{Heap before GC invocations=5 (full 1):
 PSYoungGen      total 95744K, used 91348K [0x00000000eab00000, 0x00000000f4d00000, 0x0000000100000000)
  eden space 82432K, 100% used [0x00000000eab00000,0x00000000efb80000,0x00000000efb80000)
  from space 13312K, 66% used [0x00000000efb80000,0x00000000f0435330,0x00000000f0880000)
  to   space 13312K, 0% used [0x00000000f4000000,0x00000000f4000000,0x00000000f4d00000)
 ParOldGen       total 117248K, used 13164K [0x00000000c0000000, 0x00000000c7280000, 0x00000000eab00000)
  object space 117248K, 11% used [0x00000000c0000000,0x00000000c0cdb2e8,0x00000000c7280000)
 Metaspace       used 31346K, capacity 31930K, committed 32128K, reserved 1077248K
  class space    used 4270K, capacity 4452K, committed 4480K, reserved 1048576K
Event: 8.183 GC heap after
Heap after GC invocations=5 (full 1):
 PSYoungGen      total 143872K, used 9117K [0x00000000eab00000, 0x00000000f4900000, 0x0000000100000000)
  eden space 134656K, 0% used [0x00000000eab00000,0x00000000eab00000,0x00000000f2e80000)
  from space 9216K, 98% used [0x00000000f4000000,0x00000000f48e75c8,0x00000000f4900000)
  to   space 13312K, 0% used [0x00000000f2f00000,0x00000000f2f00000,0x00000000f3c00000)
 ParOldGen       total 117248K, used 13244K [0x00000000c0000000, 0x00000000c7280000, 0x00000000eab00000)
  object space 117248K, 11% used [0x00000000c0000000,0x00000000c0cef2f8,0x00000000c7280000)
 Metaspace       used 31346K, capacity 31930K, committed 32128K, reserved 1077248K
  class space    used 4270K, capacity 4452K, committed 4480K, reserved 1048576K
}
Event: 9.022 GC heap before
{Heap before GC invocations=6 (full 1):
 PSYoungGen      total 143872K, used 60876K [0x00000000eab00000, 0x00000000f4900000, 0x0000000100000000)
  eden space 134656K, 38% used [0x00000000eab00000,0x00000000edd8bb78,0x00000000f2e80000)
  from space 9216K, 98% used [0x00000000f4000000,0x00000000f48e75c8,0x00000000f4900000)
  to   space 13312K, 0% used [0x00000000f2f00000,0x00000000f2f00000,0x00000000f3c00000)
 ParOldGen       total 117248K, used 13244K [0x00000000c0000000, 0x00000000c7280000, 0x00000000eab00000)
  object space 117248K, 11% used [0x00000000c0000000,0x00000000c0cef2f8,0x00000000c7280000)
 Metaspace       used 34435K, capacity 35272K, committed 35416K, reserved 1079296K
  class space    used 4694K, capacity 4970K, committed 4992K, reserved 1048576K
Event: 9.033 GC heap after
Heap after GC invocations=6 (full 1):
 PSYoungGen      total 148480K, used 10870K [0x00000000eab00000, 0x00000000f9900000, 0x0000000100000000)
  eden space 135168K, 0% used [0x00000000eab00000,0x00000000eab00000,0x00000000f2f00000)
  from space 13312K, 81% used [0x00000000f2f00000,0x00000000f399db28,0x00000000f3c00000)
  to   space 13824K, 0% used [0x00000000f8b80000,0x00000000f8b80000,0x00000000f9900000)
 ParOldGen       total 117248K, used 13252K [0x00000000c0000000, 0x00000000c7280000, 0x00000000eab00000)
  object space 117248K, 11% used [0x00000000c0000000,0x00000000c0cf12f8,0x00000000c7280000)
 Metaspace       used 34435K, capacity 35272K, committed 35416K, reserved 1079296K
  class space    used 4694K, capacity 4970K, committed 4992K, reserved 1048576K
}
Event: 9.033 GC heap before
{Heap before GC invocations=7 (full 2):
 PSYoungGen      total 148480K, used 10870K [0x00000000eab00000, 0x00000000f9900000, 0x0000000100000000)
  eden space 135168K, 0% used [0x00000000eab00000,0x00000000eab00000,0x00000000f2f00000)
  from space 13312K, 81% used [0x00000000f2f00000,0x00000000f399db28,0x00000000f3c00000)
  to   space 13824K, 0% used [0x00000000f8b80000,0x00000000f8b80000,0x00000000f9900000)
 ParOldGen       total 117248K, used 13252K [0x00000000c0000000, 0x00000000c7280000, 0x00000000eab00000)
  object space 117248K, 11% used [0x00000000c0000000,0x00000000c0cf12f8,0x00000000c7280000)
 Metaspace       used 34435K, capacity 35272K, committed 35416K, reserved 1079296K
  class space    used 4694K, capacity 4970K, committed 4992K, reserved 1048576K
Event: 9.074 GC heap after
Heap after GC invocations=7 (full 2):
 PSYoungGen      total 148480K, used 0K [0x00000000eab00000, 0x00000000f9900000, 0x0000000100000000)
  eden space 135168K, 0% used [0x00000000eab00000,0x00000000eab00000,0x00000000f2f00000)
  from space 13312K, 0% used [0x00000000f2f00000,0x00000000f2f00000,0x00000000f3c00000)
  to   space 13824K, 0% used [0x00000000f8b80000,0x00000000f8b80000,0x00000000f9900000)
 ParOldGen       total 157184K, used 18018K [0x00000000c0000000, 0x00000000c9980000, 0x00000000eab00000)
  object space 157184K, 11% used [0x00000000c0000000,0x00000000c11989a0,0x00000000c9980000)
 Metaspace       used 34435K, capacity 35272K, committed 35416K, reserved 1079296K
  class space    used 4694K, capacity 4970K, committed 4992K, reserved 1048576K
}
Event: 10.140 GC heap before
{Heap before GC invocations=8 (full 2):
 PSYoungGen      total 148480K, used 135168K [0x00000000eab00000, 0x00000000f9900000, 0x0000000100000000)
  eden space 135168K, 100% used [0x00000000eab00000,0x00000000f2f00000,0x00000000f2f00000)
  from space 13312K, 0% used [0x00000000f2f00000,0x00000000f2f00000,0x00000000f3c00000)
  to   space 13824K, 0% used [0x00000000f8b80000,0x00000000f8b80000,0x00000000f9900000)
 ParOldGen       total 157184K, used 18018K [0x00000000c0000000, 0x00000000c9980000, 0x00000000eab00000)
  object space 157184K, 11% used [0x00000000c0000000,0x00000000c11989a0,0x00000000c9980000)
 Metaspace       used 43133K, capacity 44144K, committed 44248K, reserved 1087488K
  class space    used 5800K, capacity 6121K, committed 6144K, reserved 1048576K
Event: 10.151 GC heap after
Heap after GC invocations=8 (full 2):
 PSYoungGen      total 227328K, used 13808K [0x00000000eab00000, 0x00000000fa280000, 0x0000000100000000)
  eden space 213504K, 0% used [0x00000000eab00000,0x00000000eab00000,0x00000000f7b80000)
  from space 13824K, 99% used [0x00000000f8b80000,0x00000000f98fc048,0x00000000f9900000)
  to   space 16384K, 0% used [0x00000000f7b80000,0x00000000f7b80000,0x00000000f8b80000)
 ParOldGen       total 157184K, used 19517K [0x00000000c0000000, 0x00000000c9980000, 0x00000000eab00000)
  object space 157184K, 12% used [0x00000000c0000000,0x00000000c130f578,0x00000000c9980000)
 Metaspace       used 43133K, capacity 44144K, committed 44248K, reserved 1087488K
  class space    used 5800K, capacity 6121K, committed 6144K, reserved 1048576K
}

