# JRE version: OpenJDK Runtime Environment (8.0_152-b01) (build 1.8.0_152-release-915-b01)
# Java VM: OpenJDK 64-Bit Server VM (25.152-b01 mixed mode windows-amd64 compressed oops)
Heap:
 PSYoungGen      total 143872K, used 28585K [0x00000000d5580000, 0x00000000df200000, 0x0000000100000000)
  eden space 132608K, 13% used [0x00000000d5580000,0x00000000d6670068,0x00000000dd700000)
  from space 11264K, 99% used [0x00000000de700000,0x00000000df1fa4f0,0x00000000df200000)
  to   space 13312K, 0% used [0x00000000dd800000,0x00000000dd800000,0x00000000de500000)
 ParOldGen       total 143872K, used 22335K [0x0000000080000000, 0x0000000088c80000, 0x00000000d5580000)
  object space 143872K, 15% used [0x0000000080000000,0x00000000815cfd98,0x0000000088c80000)
 Metaspace       used 44862K, capacity 46050K, committed 46208K, reserved 1089536K
  class space    used 6081K, capacity 6508K, committed 6528K, reserved 1048576K
GC Heap History (10 events):
Event: 3.706 GC heap before
{Heap before GC invocations=4 (full 1):
 PSYoungGen      total 95744K, used 82432K [0x00000000d5580000, 0x00000000dc000000, 0x0000000100000000)
  eden space 82432K, 100% used [0x00000000d5580000,0x00000000da600000,0x00000000da600000)
  from space 13312K, 0% used [0x00000000db300000,0x00000000db300000,0x00000000dc000000)
  to   space 13312K, 0% used [0x00000000da600000,0x00000000da600000,0x00000000db300000)
 ParOldGen       total 143872K, used 13387K [0x0000000080000000, 0x0000000088c80000, 0x00000000d5580000)
  object space 143872K, 9% used [0x0000000080000000,0x0000000080d12fc0,0x0000000088c80000)
 Metaspace       used 27483K, capacity 28072K, committed 28416K, reserved 1073152K
  class space    used 3761K, capacity 3970K, committed 4096K, reserved 1048576K
Event: 3.769 GC heap after
Heap after GC invocations=4 (full 1):
 PSYoungGen      total 95744K, used 8135K [0x00000000d5580000, 0x00000000df400000, 0x0000000100000000)
  eden space 82432K, 0% used [0x00000000d5580000,0x00000000d5580000,0x00000000da600000)
  from space 13312K, 61% used [0x00000000da600000,0x00000000dadf1f98,0x00000000db300000)
  to   space 13312K, 0% used [0x00000000de700000,0x00000000de700000,0x00000000df400000)
 ParOldGen       total 143872K, used 13395K [0x0000000080000000, 0x0000000088c80000, 0x00000000d5580000)
  object space 143872K, 9% used [0x0000000080000000,0x0000000080d14fc0,0x0000000088c80000)
 Metaspace       used 27483K, capacity 28072K, committed 28416K, reserved 1073152K
  class space    used 3761K, capacity 3970K, committed 4096K, reserved 1048576K
}
Event: 5.255 GC heap before
{Heap before GC invocations=5 (full 1):
 PSYoungGen      total 95744K, used 90567K [0x00000000d5580000, 0x00000000df400000, 0x0000000100000000)
  eden space 82432K, 100% used [0x00000000d5580000,0x00000000da600000,0x00000000da600000)
  from space 13312K, 61% used [0x00000000da600000,0x00000000dadf1f98,0x00000000db300000)
  to   space 13312K, 0% used [0x00000000de700000,0x00000000de700000,0x00000000df400000)
 ParOldGen       total 143872K, used 13395K [0x0000000080000000, 0x0000000088c80000, 0x00000000d5580000)
  object space 143872K, 9% used [0x0000000080000000,0x0000000080d14fc0,0x0000000088c80000)
 Metaspace       used 32557K, capacity 33290K, committed 33536K, reserved 1077248K
  class space    used 4488K, capacity 4768K, committed 4864K, reserved 1048576K
Event: 5.275 GC heap after
Heap after GC invocations=5 (full 1):
 PSYoungGen      total 143872K, used 10900K [0x00000000d5580000, 0x00000000df200000, 0x0000000100000000)
  eden space 132608K, 0% used [0x00000000d5580000,0x00000000d5580000,0x00000000dd700000)
  from space 11264K, 96% used [0x00000000de700000,0x00000000df1a5260,0x00000000df200000)
  to   space 13312K, 0% used [0x00000000dd800000,0x00000000dd800000,0x00000000de500000)
 ParOldGen       total 143872K, used 13467K [0x0000000080000000, 0x0000000088c80000, 0x00000000d5580000)
  object space 143872K, 9% used [0x0000000080000000,0x0000000080d26fd0,0x0000000088c80000)
 Metaspace       used 32557K, capacity 33290K, committed 33536K, reserved 1077248K
  class space    used 4488K, capacity 4768K, committed 4864K, reserved 1048576K
}
Event: 6.507 GC heap before
{Heap before GC invocations=6 (full 1):
 PSYoungGen      total 143872K, used 65233K [0x00000000d5580000, 0x00000000df200000, 0x0000000100000000)
  eden space 132608K, 40% used [0x00000000d5580000,0x00000000d8a8f3e8,0x00000000dd700000)
  from space 11264K, 96% used [0x00000000de700000,0x00000000df1a5260,0x00000000df200000)
  to   space 13312K, 0% used [0x00000000dd800000,0x00000000dd800000,0x00000000de500000)
 ParOldGen       total 143872K, used 13467K [0x0000000080000000, 0x0000000088c80000, 0x00000000d5580000)
  object space 143872K, 9% used [0x0000000080000000,0x0000000080d26fd0,0x0000000088c80000)
 Metaspace       used 34425K, capacity 35306K, committed 35416K, reserved 1079296K
  class space    used 4715K, capacity 5052K, committed 5120K, reserved 1048576K
Event: 6.516 GC heap after
Heap after GC invocations=6 (full 1):
 PSYoungGen      total 145920K, used 10659K [0x00000000d5580000, 0x00000000df200000, 0x0000000100000000)
  eden space 132608K, 0% used [0x00000000d5580000,0x00000000d5580000,0x00000000dd700000)
  from space 13312K, 80% used [0x00000000dd800000,0x00000000de268cc0,0x00000000de500000)
  to   space 11264K, 0% used [0x00000000de700000,0x00000000de700000,0x00000000df200000)
 ParOldGen       total 143872K, used 13475K [0x0000000080000000, 0x0000000088c80000, 0x00000000d5580000)
  object space 143872K, 9% used [0x0000000080000000,0x0000000080d28fd0,0x0000000088c80000)
 Metaspace       used 34425K, capacity 35306K, committed 35416K, reserved 1079296K
  class space    used 4715K, capacity 5052K, committed 5120K, reserved 1048576K
}
Event: 6.516 GC heap before
{Heap before GC invocations=7 (full 2):
 PSYoungGen      total 145920K, used 10659K [0x00000000d5580000, 0x00000000df200000, 0x0000000100000000)
  eden space 132608K, 0% used [0x00000000d5580000,0x00000000d5580000,0x00000000dd700000)
  from space 13312K, 80% used [0x00000000dd800000,0x00000000de268cc0,0x00000000de500000)
  to   space 11264K, 0% used [0x00000000de700000,0x00000000de700000,0x00000000df200000)
 ParOldGen       total 143872K, used 13475K [0x0000000080000000, 0x0000000088c80000, 0x00000000d5580000)
  object space 143872K, 9% used [0x0000000080000000,0x0000000080d28fd0,0x0000000088c80000)
 Metaspace       used 34425K, capacity 35306K, committed 35416K, reserved 1079296K
  class space    used 4715K, capacity 5052K, committed 5120K, reserved 1048576K
Event: 6.568 GC heap after
Heap after GC invocations=7 (full 2):
 PSYoungGen      total 145920K, used 0K [0x00000000d5580000, 0x00000000df200000, 0x0000000100000000)
  eden space 132608K, 0% used [0x00000000d5580000,0x00000000d5580000,0x00000000dd700000)
  from space 13312K, 0% used [0x00000000dd800000,0x00000000dd800000,0x00000000de500000)
  to   space 11264K, 0% used [0x00000000de700000,0x00000000de700000,0x00000000df200000)
 ParOldGen       total 143872K, used 18232K [0x0000000080000000, 0x0000000088c80000, 0x00000000d5580000)
  object space 143872K, 12% used [0x0000000080000000,0x00000000811ce190,0x0000000088c80000)
 Metaspace       used 34425K, capacity 35306K, committed 35416K, reserved 1079296K
  class space    used 4715K, capacity 5052K, committed 5120K, reserved 1048576K
}
Event: 7.744 GC heap before
{Heap before GC invocations=8 (full 2):
 PSYoungGen      total 145920K, used 132608K [0x00000000d5580000, 0x00000000df200000, 0x0000000100000000)
  eden space 132608K, 100% used [0x00000000d5580000,0x00000000dd700000,0x00000000dd700000)
  from space 13312K, 0% used [0x00000000dd800000,0x00000000dd800000,0x00000000de500000)
  to   space 11264K, 0% used [0x00000000de700000,0x00000000de700000,0x00000000df200000)
 ParOldGen       total 143872K, used 18232K [0x0000000080000000, 0x0000000088c80000, 0x00000000d5580000)
  object space 143872K, 12% used [0x0000000080000000,0x00000000811ce190,0x0000000088c80000)
 Metaspace       used 43789K, capacity 44990K, committed 45312K, reserved 1087488K
  class space    used 5904K, capacity 6308K, committed 6400K, reserved 1048576K
Event: 7.757 GC heap after
Heap after GC invocations=8 (full 2):
 PSYoungGen      total 143872K, used 11241K [0x00000000d5580000, 0x00000000df200000, 0x0000000100000000)
  eden space 132608K, 0% used [0x00000000d5580000,0x00000000d5580000,0x00000000dd700000)
  from space 11264K, 99% used [0x00000000de700000,0x00000000df1fa4f0,0x00000000df200000)
  to   space 13312K, 0% used [0x00000000dd800000,0x00000000dd800000,0x00000000de500000)
 ParOldGen       total 143872K, used 22335K [0x0000000080000000, 0x0000000088c80000, 0x00000000d5580000)
  object space 143872K, 15% used [0x0000000080000000,0x00000000815cfd98,0x0000000088c80000)
 Metaspace       used 43789K, capacity 44990K, committed 45312K, reserved 1087488K
  class space    used 5904K, capacity 6308K, committed 6400K, reserved 1048576K
}

