# JRE version: OpenJDK Runtime Environment (8.0_152-b01) (build 1.8.0_152-release-915-b01)
# Java VM: OpenJDK 64-Bit Server VM (25.152-b01 mixed mode windows-amd64 compressed oops)
Heap:
 PSYoungGen      total 124928K, used 85977K [0x00000000d5580000, 0x00000000e0500000, 0x0000000100000000)
  eden space 111616K, 77% used [0x00000000d5580000,0x00000000da9767e0,0x00000000dc280000)
  from space 13312K, 0% used [0x00000000dc280000,0x00000000dc280000,0x00000000dcf80000)
  to   space 14336K, 0% used [0x00000000df700000,0x00000000df700000,0x00000000e0500000)
 ParOldGen       total 146432K, used 18115K [0x0000000080000000, 0x0000000088f00000, 0x00000000d5580000)
  object space 146432K, 12% used [0x0000000080000000,0x00000000811b0e80,0x0000000088f00000)
 Metaspace       used 42394K, capacity 43452K, committed 43776K, reserved 1087488K
  class space    used 5713K, capacity 6084K, committed 6144K, reserved 1048576K
GC Heap History (10 events):
Event: 2.679 GC heap before
{Heap before GC invocations=3 (full 1):
 PSYoungGen      total 95744K, used 13307K [0x00000000d5580000, 0x00000000dc000000, 0x0000000100000000)
  eden space 82432K, 0% used [0x00000000d5580000,0x00000000d5580000,0x00000000da600000)
  from space 13312K, 99% used [0x00000000db300000,0x00000000dbffec30,0x00000000dc000000)
  to   space 13312K, 0% used [0x00000000da600000,0x00000000da600000,0x00000000db300000)
 ParOldGen       total 218624K, used 545K [0x0000000080000000, 0x000000008d580000, 0x00000000d5580000)
  object space 218624K, 0% used [0x0000000080000000,0x0000000080088570,0x000000008d580000)
 Metaspace       used 20858K, capacity 21224K, committed 21248K, reserved 1067008K
  class space    used 2919K, capacity 3061K, committed 3072K, reserved 1048576K
Event: 2.711 GC heap after
Heap after GC invocations=3 (full 1):
 PSYoungGen      total 95744K, used 0K [0x00000000d5580000, 0x00000000dc000000, 0x0000000100000000)
  eden space 82432K, 0% used [0x00000000d5580000,0x00000000d5580000,0x00000000da600000)
  from space 13312K, 0% used [0x00000000db300000,0x00000000db300000,0x00000000dc000000)
  to   space 13312K, 0% used [0x00000000da600000,0x00000000da600000,0x00000000db300000)
 ParOldGen       total 146432K, used 13390K [0x0000000080000000, 0x0000000088f00000, 0x00000000d5580000)
  object space 146432K, 9% used [0x0000000080000000,0x0000000080d13918,0x0000000088f00000)
 Metaspace       used 20858K, capacity 21224K, committed 21248K, reserved 1067008K
  class space    used 2919K, capacity 3061K, committed 3072K, reserved 1048576K
}
Event: 3.908 GC heap before
{Heap before GC invocations=4 (full 1):
 PSYoungGen      total 95744K, used 82432K [0x00000000d5580000, 0x00000000dc000000, 0x0000000100000000)
  eden space 82432K, 100% used [0x00000000d5580000,0x00000000da600000,0x00000000da600000)
  from space 13312K, 0% used [0x00000000db300000,0x00000000db300000,0x00000000dc000000)
  to   space 13312K, 0% used [0x00000000da600000,0x00000000da600000,0x00000000db300000)
 ParOldGen       total 146432K, used 13390K [0x0000000080000000, 0x0000000088f00000, 0x00000000d5580000)
  object space 146432K, 9% used [0x0000000080000000,0x0000000080d13918,0x0000000088f00000)
 Metaspace       used 27482K, capacity 28072K, committed 28416K, reserved 1073152K
  class space    used 3762K, capacity 3970K, committed 4096K, reserved 1048576K
Event: 3.913 GC heap after
Heap after GC invocations=4 (full 1):
 PSYoungGen      total 95744K, used 8278K [0x00000000d5580000, 0x00000000ddd80000, 0x0000000100000000)
  eden space 82432K, 0% used [0x00000000d5580000,0x00000000d5580000,0x00000000da600000)
  from space 13312K, 62% used [0x00000000da600000,0x00000000dae15b28,0x00000000db300000)
  to   space 13312K, 0% used [0x00000000dd080000,0x00000000dd080000,0x00000000ddd80000)
 ParOldGen       total 146432K, used 13398K [0x0000000080000000, 0x0000000088f00000, 0x00000000d5580000)
  object space 146432K, 9% used [0x0000000080000000,0x0000000080d15918,0x0000000088f00000)
 Metaspace       used 27482K, capacity 28072K, committed 28416K, reserved 1073152K
  class space    used 3762K, capacity 3970K, committed 4096K, reserved 1048576K
}
Event: 5.584 GC heap before
{Heap before GC invocations=5 (full 1):
 PSYoungGen      total 95744K, used 90710K [0x00000000d5580000, 0x00000000ddd80000, 0x0000000100000000)
  eden space 82432K, 100% used [0x00000000d5580000,0x00000000da600000,0x00000000da600000)
  from space 13312K, 62% used [0x00000000da600000,0x00000000dae15b28,0x00000000db300000)
  to   space 13312K, 0% used [0x00000000dd080000,0x00000000dd080000,0x00000000ddd80000)
 ParOldGen       total 146432K, used 13398K [0x0000000080000000, 0x0000000088f00000, 0x00000000d5580000)
  object space 146432K, 9% used [0x0000000080000000,0x0000000080d15918,0x0000000088f00000)
 Metaspace       used 32586K, capacity 33354K, committed 33536K, reserved 1077248K
  class space    used 4488K, capacity 4768K, committed 4864K, reserved 1048576K
Event: 5.594 GC heap after
Heap after GC invocations=5 (full 1):
 PSYoungGen      total 123904K, used 11435K [0x00000000d5580000, 0x00000000ddc80000, 0x0000000100000000)
  eden space 111616K, 0% used [0x00000000d5580000,0x00000000d5580000,0x00000000dc280000)
  from space 12288K, 93% used [0x00000000dd080000,0x00000000ddbaae40,0x00000000ddc80000)
  to   space 13312K, 0% used [0x00000000dc280000,0x00000000dc280000,0x00000000dcf80000)
 ParOldGen       total 146432K, used 13406K [0x0000000080000000, 0x0000000088f00000, 0x00000000d5580000)
  object space 146432K, 9% used [0x0000000080000000,0x0000000080d17918,0x0000000088f00000)
 Metaspace       used 32586K, capacity 33354K, committed 33536K, reserved 1077248K
  class space    used 4488K, capacity 4768K, committed 4864K, reserved 1048576K
}
Event: 6.928 GC heap before
{Heap before GC invocations=6 (full 1):
 PSYoungGen      total 123904K, used 63284K [0x00000000d5580000, 0x00000000ddc80000, 0x0000000100000000)
  eden space 111616K, 46% used [0x00000000d5580000,0x00000000d88221c0,0x00000000dc280000)
  from space 12288K, 93% used [0x00000000dd080000,0x00000000ddbaae40,0x00000000ddc80000)
  to   space 13312K, 0% used [0x00000000dc280000,0x00000000dc280000,0x00000000dcf80000)
 ParOldGen       total 146432K, used 13406K [0x0000000080000000, 0x0000000088f00000, 0x00000000d5580000)
  object space 146432K, 9% used [0x0000000080000000,0x0000000080d17918,0x0000000088f00000)
 Metaspace       used 34432K, capacity 35306K, committed 35416K, reserved 1079296K
  class space    used 4714K, capacity 5052K, committed 5120K, reserved 1048576K
Event: 6.936 GC heap after
Heap after GC invocations=6 (full 1):
 PSYoungGen      total 124928K, used 10687K [0x00000000d5580000, 0x00000000e0500000, 0x0000000100000000)
  eden space 111616K, 0% used [0x00000000d5580000,0x00000000d5580000,0x00000000dc280000)
  from space 13312K, 80% used [0x00000000dc280000,0x00000000dccefee8,0x00000000dcf80000)
  to   space 14336K, 0% used [0x00000000df700000,0x00000000df700000,0x00000000e0500000)
 ParOldGen       total 146432K, used 13478K [0x0000000080000000, 0x0000000088f00000, 0x00000000d5580000)
  object space 146432K, 9% used [0x0000000080000000,0x0000000080d29928,0x0000000088f00000)
 Metaspace       used 34432K, capacity 35306K, committed 35416K, reserved 1079296K
  class space    used 4714K, capacity 5052K, committed 5120K, reserved 1048576K
}
Event: 6.936 GC heap before
{Heap before GC invocations=7 (full 2):
 PSYoungGen      total 124928K, used 10687K [0x00000000d5580000, 0x00000000e0500000, 0x0000000100000000)
  eden space 111616K, 0% used [0x00000000d5580000,0x00000000d5580000,0x00000000dc280000)
  from space 13312K, 80% used [0x00000000dc280000,0x00000000dccefee8,0x00000000dcf80000)
  to   space 14336K, 0% used [0x00000000df700000,0x00000000df700000,0x00000000e0500000)
 ParOldGen       total 146432K, used 13478K [0x0000000080000000, 0x0000000088f00000, 0x00000000d5580000)
  object space 146432K, 9% used [0x0000000080000000,0x0000000080d29928,0x0000000088f00000)
 Metaspace       used 34432K, capacity 35306K, committed 35416K, reserved 1079296K
  class space    used 4714K, capacity 5052K, committed 5120K, reserved 1048576K
Event: 6.984 GC heap after
Heap after GC invocations=7 (full 2):
 PSYoungGen      total 124928K, used 0K [0x00000000d5580000, 0x00000000e0500000, 0x0000000100000000)
  eden space 111616K, 0% used [0x00000000d5580000,0x00000000d5580000,0x00000000dc280000)
  from space 13312K, 0% used [0x00000000dc280000,0x00000000dc280000,0x00000000dcf80000)
  to   space 14336K, 0% used [0x00000000df700000,0x00000000df700000,0x00000000e0500000)
 ParOldGen       total 146432K, used 18115K [0x0000000080000000, 0x0000000088f00000, 0x00000000d5580000)
  object space 146432K, 12% used [0x0000000080000000,0x00000000811b0e80,0x0000000088f00000)
 Metaspace       used 34432K, capacity 35306K, committed 35416K, reserved 1079296K
  class space    used 4714K, capacity 5052K, committed 5120K, reserved 1048576K
}

