# JRE version: OpenJDK Runtime Environment (8.0_152-b01) (build 1.8.0_152-release-915-b01)
# Java VM: OpenJDK 64-Bit Server VM (25.152-b01 mixed mode windows-amd64 compressed oops)
Heap:
 PSYoungGen      total 255488K, used 135812K [0x00000000eab00000, 0x0000000100000000, 0x0000000100000000)
  eden space 168960K, 45% used [0x00000000eab00000,0x00000000ef6a7658,0x00000000f5000000)
  from space 86528K, 67% used [0x00000000fab80000,0x00000000fe479b38,0x0000000100000000)
  to   space 90112K, 0% used [0x00000000f5000000,0x00000000f5000000,0x00000000fa800000)
 ParOldGen       total 176128K, used 77192K [0x00000000c0000000, 0x00000000cac00000, 0x00000000eab00000)
  object space 176128K, 43% used [0x00000000c0000000,0x00000000c4b623c0,0x00000000cac00000)
 Metaspace       used 112873K, capacity 120225K, committed 120536K, reserved 1153024K
  class space    used 14342K, capacity 16013K, committed 16128K, reserved 1048576K
GC Heap History (10 events):
Event: 181.228 GC heap before
{Heap before GC invocations=35 (full 9):
 PSYoungGen      total 257536K, used 257166K [0x00000000eab00000, 0x0000000100000000, 0x0000000100000000)
  eden space 216064K, 100% used [0x00000000eab00000,0x00000000f7e00000,0x00000000f7e00000)
  from space 41472K, 99% used [0x00000000f7e00000,0x00000000fa623ab8,0x00000000fa680000)
  to   space 68608K, 0% used [0x00000000fbd00000,0x00000000fbd00000,0x0000000100000000)
 ParOldGen       total 176128K, used 77060K [0x00000000c0000000, 0x00000000cac00000, 0x00000000eab00000)
  object space 176128K, 43% used [0x00000000c0000000,0x00000000c4b41010,0x00000000cac00000)
 Metaspace       used 104394K, capacity 111301K, committed 111576K, reserved 1146880K
  class space    used 13443K, capacity 15007K, committed 15104K, reserved 1048576K
Event: 181.253 GC heap after
Heap after GC invocations=35 (full 9):
 PSYoungGen      total 277504K, used 42021K [0x00000000eab00000, 0x0000000100000000, 0x0000000100000000)
  eden space 208896K, 0% used [0x00000000eab00000,0x00000000eab00000,0x00000000f7700000)
  from space 68608K, 61% used [0x00000000fbd00000,0x00000000fe6097c8,0x0000000100000000)
  to   space 70144K, 0% used [0x00000000f7700000,0x00000000f7700000,0x00000000fbb80000)
 ParOldGen       total 176128K, used 77160K [0x00000000c0000000, 0x00000000cac00000, 0x00000000eab00000)
  object space 176128K, 43% used [0x00000000c0000000,0x00000000c4b5a3c0,0x00000000cac00000)
 Metaspace       used 104394K, capacity 111301K, committed 111576K, reserved 1146880K
  class space    used 13443K, capacity 15007K, committed 15104K, reserved 1048576K
}
Event: 184.974 GC heap before
{Heap before GC invocations=36 (full 9):
 PSYoungGen      total 277504K, used 250917K [0x00000000eab00000, 0x0000000100000000, 0x0000000100000000)
  eden space 208896K, 100% used [0x00000000eab00000,0x00000000f7700000,0x00000000f7700000)
  from space 68608K, 61% used [0x00000000fbd00000,0x00000000fe6097c8,0x0000000100000000)
  to   space 70144K, 0% used [0x00000000f7700000,0x00000000f7700000,0x00000000fbb80000)
 ParOldGen       total 176128K, used 77160K [0x00000000c0000000, 0x00000000cac00000, 0x00000000eab00000)
  object space 176128K, 43% used [0x00000000c0000000,0x00000000c4b5a3c0,0x00000000cac00000)
 Metaspace       used 106983K, capacity 113893K, committed 114136K, reserved 1148928K
  class space    used 13707K, capacity 15281K, committed 15360K, reserved 1048576K
Event: 185.000 GC heap after
Heap after GC invocations=36 (full 9):
 PSYoungGen      total 258560K, used 49598K [0x00000000eab00000, 0x0000000100000000, 0x0000000100000000)
  eden space 208896K, 0% used [0x00000000eab00000,0x00000000eab00000,0x00000000f7700000)
  from space 49664K, 99% used [0x00000000f7700000,0x00000000fa76f8e8,0x00000000fa780000)
  to   space 74240K, 0% used [0x00000000fb780000,0x00000000fb780000,0x0000000100000000)
 ParOldGen       total 176128K, used 77168K [0x00000000c0000000, 0x00000000cac00000, 0x00000000eab00000)
  object space 176128K, 43% used [0x00000000c0000000,0x00000000c4b5c3c0,0x00000000cac00000)
 Metaspace       used 106983K, capacity 113893K, committed 114136K, reserved 1148928K
  class space    used 13707K, capacity 15281K, committed 15360K, reserved 1048576K
}
Event: 186.367 GC heap before
{Heap before GC invocations=37 (full 9):
 PSYoungGen      total 258560K, used 242009K [0x00000000eab00000, 0x0000000100000000, 0x0000000100000000)
  eden space 208896K, 92% used [0x00000000eab00000,0x00000000f66e6b18,0x00000000f7700000)
  from space 49664K, 99% used [0x00000000f7700000,0x00000000fa76f8e8,0x00000000fa780000)
  to   space 74240K, 0% used [0x00000000fb780000,0x00000000fb780000,0x0000000100000000)
 ParOldGen       total 176128K, used 77168K [0x00000000c0000000, 0x00000000cac00000, 0x00000000eab00000)
  object space 176128K, 43% used [0x00000000c0000000,0x00000000c4b5c3c0,0x00000000cac00000)
 Metaspace       used 108666K, capacity 115675K, committed 115928K, reserved 1148928K
  class space    used 13892K, capacity 15508K, committed 15616K, reserved 1048576K
Event: 186.394 GC heap after
Heap after GC invocations=37 (full 9):
 PSYoungGen      total 260608K, used 61066K [0x00000000eab00000, 0x0000000100000000, 0x0000000100000000)
  eden space 186368K, 0% used [0x00000000eab00000,0x00000000eab00000,0x00000000f6100000)
  from space 74240K, 82% used [0x00000000fb780000,0x00000000ff322808,0x0000000100000000)
  to   space 81408K, 0% used [0x00000000f6100000,0x00000000f6100000,0x00000000fb080000)
 ParOldGen       total 176128K, used 77176K [0x00000000c0000000, 0x00000000cac00000, 0x00000000eab00000)
  object space 176128K, 43% used [0x00000000c0000000,0x00000000c4b5e3c0,0x00000000cac00000)
 Metaspace       used 108666K, capacity 115675K, committed 115928K, reserved 1148928K
  class space    used 13892K, capacity 15508K, committed 15616K, reserved 1048576K
}
Event: 186.756 GC heap before
{Heap before GC invocations=38 (full 9):
 PSYoungGen      total 260608K, used 234779K [0x00000000eab00000, 0x0000000100000000, 0x0000000100000000)
  eden space 186368K, 93% used [0x00000000eab00000,0x00000000f54a4458,0x00000000f6100000)
  from space 74240K, 82% used [0x00000000fb780000,0x00000000ff322808,0x0000000100000000)
  to   space 81408K, 0% used [0x00000000f6100000,0x00000000f6100000,0x00000000fb080000)
 ParOldGen       total 176128K, used 77176K [0x00000000c0000000, 0x00000000cac00000, 0x00000000eab00000)
  object space 176128K, 43% used [0x00000000c0000000,0x00000000c4b5e3c0,0x00000000cac00000)
 Metaspace       used 108970K, capacity 116011K, committed 116184K, reserved 1150976K
  class space    used 13928K, capacity 15548K, committed 15616K, reserved 1048576K
Event: 186.781 GC heap after
Heap after GC invocations=38 (full 9):
 PSYoungGen      total 247296K, used 60636K [0x00000000eab00000, 0x0000000100000000, 0x0000000100000000)
  eden space 186368K, 0% used [0x00000000eab00000,0x00000000eab00000,0x00000000f6100000)
  from space 60928K, 99% used [0x00000000f6100000,0x00000000f9c372e8,0x00000000f9c80000)
  to   space 86528K, 0% used [0x00000000fab80000,0x00000000fab80000,0x0000000100000000)
 ParOldGen       total 176128K, used 77184K [0x00000000c0000000, 0x00000000cac00000, 0x00000000eab00000)
  object space 176128K, 43% used [0x00000000c0000000,0x00000000c4b603c0,0x00000000cac00000)
 Metaspace       used 108970K, capacity 116011K, committed 116184K, reserved 1150976K
  class space    used 13928K, capacity 15548K, committed 15616K, reserved 1048576K
}
Event: 193.514 GC heap before
{Heap before GC invocations=39 (full 9):
 PSYoungGen      total 247296K, used 247004K [0x00000000eab00000, 0x0000000100000000, 0x0000000100000000)
  eden space 186368K, 100% used [0x00000000eab00000,0x00000000f6100000,0x00000000f6100000)
  from space 60928K, 99% used [0x00000000f6100000,0x00000000f9c372e8,0x00000000f9c80000)
  to   space 86528K, 0% used [0x00000000fab80000,0x00000000fab80000,0x0000000100000000)
 ParOldGen       total 176128K, used 77184K [0x00000000c0000000, 0x00000000cac00000, 0x00000000eab00000)
  object space 176128K, 43% used [0x00000000c0000000,0x00000000c4b603c0,0x00000000cac00000)
 Metaspace       used 112338K, capacity 119607K, committed 119896K, reserved 1153024K
  class space    used 14272K, capacity 15954K, committed 16000K, reserved 1048576K
Event: 193.554 GC heap after
Heap after GC invocations=39 (full 9):
 PSYoungGen      total 255488K, used 58342K [0x00000000eab00000, 0x0000000100000000, 0x0000000100000000)
  eden space 168960K, 0% used [0x00000000eab00000,0x00000000eab00000,0x00000000f5000000)
  from space 86528K, 67% used [0x00000000fab80000,0x00000000fe479b38,0x0000000100000000)
  to   space 90112K, 0% used [0x00000000f5000000,0x00000000f5000000,0x00000000fa800000)
 ParOldGen       total 176128K, used 77192K [0x00000000c0000000, 0x00000000cac00000, 0x00000000eab00000)
  object space 176128K, 43% used [0x00000000c0000000,0x00000000c4b623c0,0x00000000cac00000)
 Metaspace       used 112338K, capacity 119607K, committed 119896K, reserved 1153024K
  class space    used 14272K, capacity 15954K, committed 16000K, reserved 1048576K
}

